[2025-10-06 11:51:24] Error: [Warning] require_once(../includes/admin_auth.php): Failed to open stream: No such file or directory in C:\xampp\htdocs\ProHire\admin\view_user.php on line 3 in C:\xampp\htdocs\ProHire\admin\view_user.php on line 3
[2025-10-11 19:01:10] Error: [Warning] require_once(../includes/user_auth.php): Failed to open stream: No such file or directory in C:\xampp\htdocs\ProHire\user\applications.php on line 3 in C:\xampp\htdocs\ProHire\user\applications.php on line 3
[2025-10-11 19:09:39] Error: [Warning] require_once(../includes/user_auth.php): Failed to open stream: No such file or directory in C:\xampp\htdocs\ProHire\user\applications.php on line 3 in C:\xampp\htdocs\ProHire\user\applications.php on line 3
[2025-10-11 19:11:22] Error: [Warning] require_once(../includes/admin_auth.php): Failed to open stream: No such file or directory in C:\xampp\htdocs\ProHire\admin\view_user.php on line 3 in C:\xampp\htdocs\ProHire\admin\view_user.php on line 3
[2025-10-13 14:43:12] Error: [Warning] require_once(../includes/admin_auth.php): Failed to open stream: No such file or directory in C:\xampp\htdocs\proadvanced\admin\view_user.php on line 3 in C:\xampp\htdocs\proadvanced\admin\view_user.php on line 3
[2025-10-13 14:43:56] Error: [Warning] require_once(../includes/admin_auth.php): Failed to open stream: No such file or directory in C:\xampp\htdocs\proadvanced\admin\view_company.php on line 3 in C:\xampp\htdocs\proadvanced\admin\view_company.php on line 3
[2025-10-13 14:46:24] Error: [Warning] include_once(includes/footer.php): Failed to open stream: No such file or directory in C:\xampp\htdocs\proadvanced\admin\view_company.php on line 103 in C:\xampp\htdocs\proadvanced\admin\view_company.php on line 103
[2025-10-13 14:46:24] Error: [Warning] include_once(): Failed opening 'includes/footer.php' for inclusion (include_path='C:\xampp\php\PEAR') in C:\xampp\htdocs\proadvanced\admin\view_company.php on line 103 in C:\xampp\htdocs\proadvanced\admin\view_company.php on line 103
[2025-10-13 14:46:29] Error: [Warning] include_once(includes/header.php): Failed to open stream: No such file or directory in C:\xampp\htdocs\proadvanced\admin\view_job.php on line 28 in C:\xampp\htdocs\proadvanced\admin\view_job.php on line 28
[2025-10-13 14:46:29] Error: [Warning] include_once(): Failed opening 'includes/header.php' for inclusion (include_path='C:\xampp\php\PEAR') in C:\xampp\htdocs\proadvanced\admin\view_job.php on line 28 in C:\xampp\htdocs\proadvanced\admin\view_job.php on line 28
[2025-10-13 14:46:29] Error: [Warning] include_once(includes/footer.php): Failed to open stream: No such file or directory in C:\xampp\htdocs\proadvanced\admin\view_job.php on line 117 in C:\xampp\htdocs\proadvanced\admin\view_job.php on line 117
[2025-10-13 14:46:29] Error: [Warning] include_once(): Failed opening 'includes/footer.php' for inclusion (include_path='C:\xampp\php\PEAR') in C:\xampp\htdocs\proadvanced\admin\view_job.php on line 117 in C:\xampp\htdocs\proadvanced\admin\view_job.php on line 117
[2025-10-13 14:46:36] Error: [Warning] include_once(includes/header.php): Failed to open stream: No such file or directory in C:\xampp\htdocs\proadvanced\admin\view_job.php on line 28 in C:\xampp\htdocs\proadvanced\admin\view_job.php on line 28
[2025-10-13 14:46:36] Error: [Warning] include_once(): Failed opening 'includes/header.php' for inclusion (include_path='C:\xampp\php\PEAR') in C:\xampp\htdocs\proadvanced\admin\view_job.php on line 28 in C:\xampp\htdocs\proadvanced\admin\view_job.php on line 28
[2025-10-13 14:46:36] Error: [Warning] include_once(includes/footer.php): Failed to open stream: No such file or directory in C:\xampp\htdocs\proadvanced\admin\view_job.php on line 117 in C:\xampp\htdocs\proadvanced\admin\view_job.php on line 117
[2025-10-13 14:46:36] Error: [Warning] include_once(): Failed opening 'includes/footer.php' for inclusion (include_path='C:\xampp\php\PEAR') in C:\xampp\htdocs\proadvanced\admin\view_job.php on line 117 in C:\xampp\htdocs\proadvanced\admin\view_job.php on line 117
[2025-10-13 14:46:48] Error: [Warning] include_once(includes/footer.php): Failed to open stream: No such file or directory in C:\xampp\htdocs\proadvanced\admin\view_user.php on line 134 in C:\xampp\htdocs\proadvanced\admin\view_user.php on line 134
[2025-10-13 14:46:49] Error: [Warning] include_once(): Failed opening 'includes/footer.php' for inclusion (include_path='C:\xampp\php\PEAR') in C:\xampp\htdocs\proadvanced\admin\view_user.php on line 134 in C:\xampp\htdocs\proadvanced\admin\view_user.php on line 134
[2025-10-13 14:47:02] Error: [Warning] include_once(includes/footer.php): Failed to open stream: No such file or directory in C:\xampp\htdocs\proadvanced\admin\view_company.php on line 103 in C:\xampp\htdocs\proadvanced\admin\view_company.php on line 103
[2025-10-13 14:47:02] Error: [Warning] include_once(): Failed opening 'includes/footer.php' for inclusion (include_path='C:\xampp\php\PEAR') in C:\xampp\htdocs\proadvanced\admin\view_company.php on line 103 in C:\xampp\htdocs\proadvanced\admin\view_company.php on line 103
[2025-10-13 14:47:05] Error: [Warning] include_once(includes/header.php): Failed to open stream: No such file or directory in C:\xampp\htdocs\proadvanced\admin\view_job.php on line 28 in C:\xampp\htdocs\proadvanced\admin\view_job.php on line 28
[2025-10-13 14:47:05] Error: [Warning] include_once(): Failed opening 'includes/header.php' for inclusion (include_path='C:\xampp\php\PEAR') in C:\xampp\htdocs\proadvanced\admin\view_job.php on line 28 in C:\xampp\htdocs\proadvanced\admin\view_job.php on line 28
[2025-10-13 14:47:05] Error: [Warning] include_once(includes/footer.php): Failed to open stream: No such file or directory in C:\xampp\htdocs\proadvanced\admin\view_job.php on line 117 in C:\xampp\htdocs\proadvanced\admin\view_job.php on line 117
[2025-10-13 14:47:05] Error: [Warning] include_once(): Failed opening 'includes/footer.php' for inclusion (include_path='C:\xampp\php\PEAR') in C:\xampp\htdocs\proadvanced\admin\view_job.php on line 117 in C:\xampp\htdocs\proadvanced\admin\view_job.php on line 117
[2025-10-13 14:50:37] Error: [Warning] include_once(includes/header.php): Failed to open stream: No such file or directory in C:\xampp\htdocs\proadvanced\admin\view_job.php on line 28 in C:\xampp\htdocs\proadvanced\admin\view_job.php on line 28
[2025-10-13 14:50:37] Error: [Warning] include_once(): Failed opening 'includes/header.php' for inclusion (include_path='C:\xampp\php\PEAR') in C:\xampp\htdocs\proadvanced\admin\view_job.php on line 28 in C:\xampp\htdocs\proadvanced\admin\view_job.php on line 28
[2025-10-13 14:50:37] Error: [Warning] include_once(includes/footer.php): Failed to open stream: No such file or directory in C:\xampp\htdocs\proadvanced\admin\view_job.php on line 117 in C:\xampp\htdocs\proadvanced\admin\view_job.php on line 117
[2025-10-13 14:50:37] Error: [Warning] include_once(): Failed opening 'includes/footer.php' for inclusion (include_path='C:\xampp\php\PEAR') in C:\xampp\htdocs\proadvanced\admin\view_job.php on line 117 in C:\xampp\htdocs\proadvanced\admin\view_job.php on line 117
[2025-10-13 14:50:38] Error: [Warning] include_once(includes/header.php): Failed to open stream: No such file or directory in C:\xampp\htdocs\proadvanced\admin\view_job.php on line 28 in C:\xampp\htdocs\proadvanced\admin\view_job.php on line 28
[2025-10-13 14:50:38] Error: [Warning] include_once(): Failed opening 'includes/header.php' for inclusion (include_path='C:\xampp\php\PEAR') in C:\xampp\htdocs\proadvanced\admin\view_job.php on line 28 in C:\xampp\htdocs\proadvanced\admin\view_job.php on line 28
[2025-10-13 14:50:38] Error: [Warning] include_once(includes/footer.php): Failed to open stream: No such file or directory in C:\xampp\htdocs\proadvanced\admin\view_job.php on line 117 in C:\xampp\htdocs\proadvanced\admin\view_job.php on line 117
[2025-10-13 14:50:38] Error: [Warning] include_once(): Failed opening 'includes/footer.php' for inclusion (include_path='C:\xampp\php\PEAR') in C:\xampp\htdocs\proadvanced\admin\view_job.php on line 117 in C:\xampp\htdocs\proadvanced\admin\view_job.php on line 117
[2025-10-13 14:50:47] Error: [Warning] include_once(includes/header.php): Failed to open stream: No such file or directory in C:\xampp\htdocs\proadvanced\admin\view_job.php on line 28 in C:\xampp\htdocs\proadvanced\admin\view_job.php on line 28
[2025-10-13 14:50:47] Error: [Warning] include_once(): Failed opening 'includes/header.php' for inclusion (include_path='C:\xampp\php\PEAR') in C:\xampp\htdocs\proadvanced\admin\view_job.php on line 28 in C:\xampp\htdocs\proadvanced\admin\view_job.php on line 28
[2025-10-13 14:50:47] Error: [Warning] include_once(includes/footer.php): Failed to open stream: No such file or directory in C:\xampp\htdocs\proadvanced\admin\view_job.php on line 117 in C:\xampp\htdocs\proadvanced\admin\view_job.php on line 117
[2025-10-13 14:50:47] Error: [Warning] include_once(): Failed opening 'includes/footer.php' for inclusion (include_path='C:\xampp\php\PEAR') in C:\xampp\htdocs\proadvanced\admin\view_job.php on line 117 in C:\xampp\htdocs\proadvanced\admin\view_job.php on line 117
[2025-10-13 19:08:19] Error: [Warning] Undefined array key "contact_person" in C:\xampp\htdocs\proadvanced\company\profile.php on line 171 in C:\xampp\htdocs\proadvanced\company\profile.php on line 171
[2025-10-13 19:08:19] Error: [Deprecated] htmlspecialchars(): Passing null to parameter #1 ($string) of type string is deprecated in C:\xampp\htdocs\proadvanced\company\profile.php on line 171 in C:\xampp\htdocs\proadvanced\company\profile.php on line 171
[2025-10-13 19:12:08] Error: [Deprecated] htmlspecialchars(): Passing null to parameter #1 ($string) of type string is deprecated in C:\xampp\htdocs\proadvanced\company\profile.php on line 176 in C:\xampp\htdocs\proadvanced\company\profile.php on line 176
[2025-10-13 19:14:34] Error: [Deprecated] htmlspecialchars(): Passing null to parameter #1 ($string) of type string is deprecated in C:\xampp\htdocs\proadvanced\company\profile.php on line 176 in C:\xampp\htdocs\proadvanced\company\profile.php on line 176
[2025-10-13 19:15:27] Error: [Deprecated] htmlspecialchars(): Passing null to parameter #1 ($string) of type string is deprecated in C:\xampp\htdocs\proadvanced\company\profile.php on line 176 in C:\xampp\htdocs\proadvanced\company\profile.php on line 176
[2025-10-13 19:16:20] Error: [Deprecated] htmlspecialchars(): Passing null to parameter #1 ($string) of type string is deprecated in C:\xampp\htdocs\proadvanced\company\profile.php on line 176 in C:\xampp\htdocs\proadvanced\company\profile.php on line 176
[2025-10-13 19:17:22] Error: [Deprecated] htmlspecialchars(): Passing null to parameter #1 ($string) of type string is deprecated in C:\xampp\htdocs\proadvanced\company\profile.php on line 176 in C:\xampp\htdocs\proadvanced\company\profile.php on line 176
[2025-10-13 19:18:03] Error: [Deprecated] htmlspecialchars(): Passing null to parameter #1 ($string) of type string is deprecated in C:\xampp\htdocs\proadvanced\company\profile.php on line 176 in C:\xampp\htdocs\proadvanced\company\profile.php on line 176
[2025-10-13 19:18:41] Error: [Deprecated] htmlspecialchars(): Passing null to parameter #1 ($string) of type string is deprecated in C:\xampp\htdocs\proadvanced\company\profile.php on line 176 in C:\xampp\htdocs\proadvanced\company\profile.php on line 176
[2025-10-13 19:19:17] Error: [Deprecated] htmlspecialchars(): Passing null to parameter #1 ($string) of type string is deprecated in C:\xampp\htdocs\proadvanced\company\profile.php on line 176 in C:\xampp\htdocs\proadvanced\company\profile.php on line 176
[2025-10-13 19:19:52] Error: [Deprecated] htmlspecialchars(): Passing null to parameter #1 ($string) of type string is deprecated in C:\xampp\htdocs\proadvanced\company\profile.php on line 176 in C:\xampp\htdocs\proadvanced\company\profile.php on line 176
[2025-10-13 19:28:27] Error: [Deprecated] htmlspecialchars(): Passing null to parameter #1 ($string) of type string is deprecated in C:\xampp\htdocs\proadvanced\company\profile.php on line 176 in C:\xampp\htdocs\proadvanced\company\profile.php on line 176
[2025-10-13 20:17:15] Error: [Deprecated] htmlspecialchars(): Passing null to parameter #1 ($string) of type string is deprecated in C:\xampp\htdocs\proadvanced\company\profile.php on line 176 in C:\xampp\htdocs\proadvanced\company\profile.php on line 176
[2025-10-13 20:36:39] Error: [Warning] include_once(includes/footer.php): Failed to open stream: No such file or directory in C:\xampp\htdocs\proadvanced\admin\view_user.php on line 134 in C:\xampp\htdocs\proadvanced\admin\view_user.php on line 134
[2025-10-13 20:36:39] Error: [Warning] include_once(): Failed opening 'includes/footer.php' for inclusion (include_path='C:\xampp\php\PEAR') in C:\xampp\htdocs\proadvanced\admin\view_user.php on line 134 in C:\xampp\htdocs\proadvanced\admin\view_user.php on line 134
[2025-10-26 11:01:52] Error: [Warning] Undefined array key "benefits" in C:\xampp\htdocs\proadvanced\job_details.php on line 148 in C:\xampp\htdocs\proadvanced\job_details.php on line 148
[2025-10-26 11:01:52] Error: [Deprecated] htmlspecialchars(): Passing null to parameter #1 ($string) of type string is deprecated in C:\xampp\htdocs\proadvanced\job_details.php on line 148 in C:\xampp\htdocs\proadvanced\job_details.php on line 148
[2025-10-26 11:02:22] Error: [Warning] Undefined array key "benefits" in C:\xampp\htdocs\proadvanced\job_details.php on line 148 in C:\xampp\htdocs\proadvanced\job_details.php on line 148
[2025-10-26 11:02:22] Error: [Deprecated] htmlspecialchars(): Passing null to parameter #1 ($string) of type string is deprecated in C:\xampp\htdocs\proadvanced\job_details.php on line 148 in C:\xampp\htdocs\proadvanced\job_details.php on line 148
[2025-10-26 11:08:52] Error: [Warning] Undefined array key "benefits" in C:\xampp\htdocs\proadvanced\job_details.php on line 148 in C:\xampp\htdocs\proadvanced\job_details.php on line 148
[2025-10-26 11:08:52] Error: [Deprecated] htmlspecialchars(): Passing null to parameter #1 ($string) of type string is deprecated in C:\xampp\htdocs\proadvanced\job_details.php on line 148 in C:\xampp\htdocs\proadvanced\job_details.php on line 148
[2025-10-26 11:09:00] Error: [Warning] Undefined array key "benefits" in C:\xampp\htdocs\proadvanced\job_details.php on line 148 in C:\xampp\htdocs\proadvanced\job_details.php on line 148
[2025-10-26 11:09:00] Error: [Deprecated] htmlspecialchars(): Passing null to parameter #1 ($string) of type string is deprecated in C:\xampp\htdocs\proadvanced\job_details.php on line 148 in C:\xampp\htdocs\proadvanced\job_details.php on line 148
[2025-10-26 11:10:48] Error: [Warning] Undefined array key "benefits" in C:\xampp\htdocs\proadvanced\job_details.php on line 148 in C:\xampp\htdocs\proadvanced\job_details.php on line 148
[2025-10-26 11:10:48] Error: [Deprecated] htmlspecialchars(): Passing null to parameter #1 ($string) of type string is deprecated in C:\xampp\htdocs\proadvanced\job_details.php on line 148 in C:\xampp\htdocs\proadvanced\job_details.php on line 148
[2025-10-26 11:16:35] Error: [Warning] Undefined array key "benefits" in C:\xampp\htdocs\proadvanced\job_details.php on line 148 in C:\xampp\htdocs\proadvanced\job_details.php on line 148
[2025-10-26 11:16:35] Error: [Deprecated] htmlspecialchars(): Passing null to parameter #1 ($string) of type string is deprecated in C:\xampp\htdocs\proadvanced\job_details.php on line 148 in C:\xampp\htdocs\proadvanced\job_details.php on line 148
[2025-10-26 11:16:36] Error: [Warning] Undefined array key "benefits" in C:\xampp\htdocs\proadvanced\job_details.php on line 148 in C:\xampp\htdocs\proadvanced\job_details.php on line 148
[2025-10-26 11:16:36] Error: [Deprecated] htmlspecialchars(): Passing null to parameter #1 ($string) of type string is deprecated in C:\xampp\htdocs\proadvanced\job_details.php on line 148 in C:\xampp\htdocs\proadvanced\job_details.php on line 148
[2025-10-26 11:16:36] Error: [Warning] Undefined array key "benefits" in C:\xampp\htdocs\proadvanced\job_details.php on line 148 in C:\xampp\htdocs\proadvanced\job_details.php on line 148
[2025-10-26 11:16:36] Error: [Deprecated] htmlspecialchars(): Passing null to parameter #1 ($string) of type string is deprecated in C:\xampp\htdocs\proadvanced\job_details.php on line 148 in C:\xampp\htdocs\proadvanced\job_details.php on line 148
[2025-10-26 11:16:37] Error: [Warning] Undefined array key "benefits" in C:\xampp\htdocs\proadvanced\job_details.php on line 148 in C:\xampp\htdocs\proadvanced\job_details.php on line 148
[2025-10-26 11:16:37] Error: [Deprecated] htmlspecialchars(): Passing null to parameter #1 ($string) of type string is deprecated in C:\xampp\htdocs\proadvanced\job_details.php on line 148 in C:\xampp\htdocs\proadvanced\job_details.php on line 148
[2025-10-26 11:17:01] Error: [Warning] Undefined array key "benefits" in C:\xampp\htdocs\proadvanced\job_details.php on line 148 in C:\xampp\htdocs\proadvanced\job_details.php on line 148
[2025-10-26 11:17:01] Error: [Deprecated] htmlspecialchars(): Passing null to parameter #1 ($string) of type string is deprecated in C:\xampp\htdocs\proadvanced\job_details.php on line 148 in C:\xampp\htdocs\proadvanced\job_details.php on line 148
[2025-10-26 11:17:20] Error: [Warning] Undefined array key "benefits" in C:\xampp\htdocs\proadvanced\job_details.php on line 148 in C:\xampp\htdocs\proadvanced\job_details.php on line 148
[2025-10-26 11:17:20] Error: [Deprecated] htmlspecialchars(): Passing null to parameter #1 ($string) of type string is deprecated in C:\xampp\htdocs\proadvanced\job_details.php on line 148 in C:\xampp\htdocs\proadvanced\job_details.php on line 148
[2025-10-26 11:17:21] Error: [Warning] Undefined array key "benefits" in C:\xampp\htdocs\proadvanced\job_details.php on line 148 in C:\xampp\htdocs\proadvanced\job_details.php on line 148
[2025-10-26 11:17:21] Error: [Deprecated] htmlspecialchars(): Passing null to parameter #1 ($string) of type string is deprecated in C:\xampp\htdocs\proadvanced\job_details.php on line 148 in C:\xampp\htdocs\proadvanced\job_details.php on line 148
[2025-10-26 11:18:27] Error: [Warning] Undefined array key "benefits" in C:\xampp\htdocs\proadvanced\job_details.php on line 148 in C:\xampp\htdocs\proadvanced\job_details.php on line 148
[2025-10-26 11:18:27] Error: [Deprecated] htmlspecialchars(): Passing null to parameter #1 ($string) of type string is deprecated in C:\xampp\htdocs\proadvanced\job_details.php on line 148 in C:\xampp\htdocs\proadvanced\job_details.php on line 148
[2025-10-26 11:18:28] Error: [Warning] Undefined array key "benefits" in C:\xampp\htdocs\proadvanced\job_details.php on line 148 in C:\xampp\htdocs\proadvanced\job_details.php on line 148
[2025-10-26 11:18:28] Error: [Deprecated] htmlspecialchars(): Passing null to parameter #1 ($string) of type string is deprecated in C:\xampp\htdocs\proadvanced\job_details.php on line 148 in C:\xampp\htdocs\proadvanced\job_details.php on line 148
[2025-10-26 11:18:28] Error: [Warning] Undefined array key "benefits" in C:\xampp\htdocs\proadvanced\job_details.php on line 148 in C:\xampp\htdocs\proadvanced\job_details.php on line 148
[2025-10-26 11:18:28] Error: [Deprecated] htmlspecialchars(): Passing null to parameter #1 ($string) of type string is deprecated in C:\xampp\htdocs\proadvanced\job_details.php on line 148 in C:\xampp\htdocs\proadvanced\job_details.php on line 148
[2025-10-26 11:18:28] Error: [Warning] Undefined array key "benefits" in C:\xampp\htdocs\proadvanced\job_details.php on line 148 in C:\xampp\htdocs\proadvanced\job_details.php on line 148
[2025-10-26 11:18:28] Error: [Deprecated] htmlspecialchars(): Passing null to parameter #1 ($string) of type string is deprecated in C:\xampp\htdocs\proadvanced\job_details.php on line 148 in C:\xampp\htdocs\proadvanced\job_details.php on line 148
[2025-10-26 11:18:30] Error: [Warning] Undefined array key "benefits" in C:\xampp\htdocs\proadvanced\job_details.php on line 148 in C:\xampp\htdocs\proadvanced\job_details.php on line 148
[2025-10-26 11:18:30] Error: [Deprecated] htmlspecialchars(): Passing null to parameter #1 ($string) of type string is deprecated in C:\xampp\htdocs\proadvanced\job_details.php on line 148 in C:\xampp\htdocs\proadvanced\job_details.php on line 148
[2025-10-26 11:18:31] Error: [Warning] Undefined array key "benefits" in C:\xampp\htdocs\proadvanced\job_details.php on line 148 in C:\xampp\htdocs\proadvanced\job_details.php on line 148
[2025-10-26 11:18:31] Error: [Deprecated] htmlspecialchars(): Passing null to parameter #1 ($string) of type string is deprecated in C:\xampp\htdocs\proadvanced\job_details.php on line 148 in C:\xampp\htdocs\proadvanced\job_details.php on line 148
[2025-10-26 11:18:39] Error: [Warning] Undefined array key "benefits" in C:\xampp\htdocs\proadvanced\job_details.php on line 148 in C:\xampp\htdocs\proadvanced\job_details.php on line 148
[2025-10-26 11:18:39] Error: [Deprecated] htmlspecialchars(): Passing null to parameter #1 ($string) of type string is deprecated in C:\xampp\htdocs\proadvanced\job_details.php on line 148 in C:\xampp\htdocs\proadvanced\job_details.php on line 148
[2025-10-26 11:25:26] Error: [Warning] Undefined array key "benefits" in C:\xampp\htdocs\proadvanced\job_details.php on line 152 in C:\xampp\htdocs\proadvanced\job_details.php on line 152
[2025-10-26 11:25:26] Error: [Deprecated] htmlspecialchars(): Passing null to parameter #1 ($string) of type string is deprecated in C:\xampp\htdocs\proadvanced\job_details.php on line 152 in C:\xampp\htdocs\proadvanced\job_details.php on line 152
[2025-10-26 11:27:07] Error: [Warning] Undefined array key "benefits" in C:\xampp\htdocs\proadvanced\job_details.php on line 151 in C:\xampp\htdocs\proadvanced\job_details.php on line 151
[2025-10-26 11:27:07] Error: [Deprecated] htmlspecialchars(): Passing null to parameter #1 ($string) of type string is deprecated in C:\xampp\htdocs\proadvanced\job_details.php on line 151 in C:\xampp\htdocs\proadvanced\job_details.php on line 151
[2025-10-26 11:27:16] Error: [Warning] Undefined array key "benefits" in C:\xampp\htdocs\proadvanced\job_details.php on line 151 in C:\xampp\htdocs\proadvanced\job_details.php on line 151
[2025-10-26 11:27:16] Error: [Deprecated] htmlspecialchars(): Passing null to parameter #1 ($string) of type string is deprecated in C:\xampp\htdocs\proadvanced\job_details.php on line 151 in C:\xampp\htdocs\proadvanced\job_details.php on line 151
[2025-10-26 11:28:28] Error: [Warning] Undefined array key "benefits" in C:\xampp\htdocs\proadvanced\job_details.php on line 151 in C:\xampp\htdocs\proadvanced\job_details.php on line 151
[2025-10-26 11:28:28] Error: [Deprecated] htmlspecialchars(): Passing null to parameter #1 ($string) of type string is deprecated in C:\xampp\htdocs\proadvanced\job_details.php on line 151 in C:\xampp\htdocs\proadvanced\job_details.php on line 151
[2025-10-26 11:29:23] Error: [Warning] Undefined array key "benefits" in C:\xampp\htdocs\proadvanced\job_details.php on line 151 in C:\xampp\htdocs\proadvanced\job_details.php on line 151
[2025-10-26 11:29:23] Error: [Deprecated] htmlspecialchars(): Passing null to parameter #1 ($string) of type string is deprecated in C:\xampp\htdocs\proadvanced\job_details.php on line 151 in C:\xampp\htdocs\proadvanced\job_details.php on line 151
[2025-10-26 11:30:43] Error: [Warning] Undefined array key "benefits" in C:\xampp\htdocs\proadvanced\job_details.php on line 158 in C:\xampp\htdocs\proadvanced\job_details.php on line 158
[2025-10-26 11:30:43] Error: [Deprecated] htmlspecialchars(): Passing null to parameter #1 ($string) of type string is deprecated in C:\xampp\htdocs\proadvanced\job_details.php on line 158 in C:\xampp\htdocs\proadvanced\job_details.php on line 158
[2025-10-26 11:31:02] Error: [Warning] Undefined array key "benefits" in C:\xampp\htdocs\proadvanced\job_details.php on line 158 in C:\xampp\htdocs\proadvanced\job_details.php on line 158
[2025-10-26 11:31:02] Error: [Deprecated] htmlspecialchars(): Passing null to parameter #1 ($string) of type string is deprecated in C:\xampp\htdocs\proadvanced\job_details.php on line 158 in C:\xampp\htdocs\proadvanced\job_details.php on line 158
[2025-10-26 11:33:16] Error: [Warning] Undefined array key "benefits" in C:\xampp\htdocs\proadvanced\job_details.php on line 158 in C:\xampp\htdocs\proadvanced\job_details.php on line 158
[2025-10-26 11:33:16] Error: [Deprecated] htmlspecialchars(): Passing null to parameter #1 ($string) of type string is deprecated in C:\xampp\htdocs\proadvanced\job_details.php on line 158 in C:\xampp\htdocs\proadvanced\job_details.php on line 158
[2025-10-26 11:34:41] Error: [Warning] Undefined array key "benefits" in C:\xampp\htdocs\proadvanced\job_details.php on line 158 in C:\xampp\htdocs\proadvanced\job_details.php on line 158
[2025-10-26 11:34:41] Error: [Deprecated] htmlspecialchars(): Passing null to parameter #1 ($string) of type string is deprecated in C:\xampp\htdocs\proadvanced\job_details.php on line 158 in C:\xampp\htdocs\proadvanced\job_details.php on line 158
[2025-10-26 11:34:46] Error: [Warning] Undefined array key "benefits" in C:\xampp\htdocs\proadvanced\job_details.php on line 158 in C:\xampp\htdocs\proadvanced\job_details.php on line 158
[2025-10-26 11:34:46] Error: [Deprecated] htmlspecialchars(): Passing null to parameter #1 ($string) of type string is deprecated in C:\xampp\htdocs\proadvanced\job_details.php on line 158 in C:\xampp\htdocs\proadvanced\job_details.php on line 158
[2025-10-26 11:35:22] Error: [Warning] Undefined array key "benefits" in C:\xampp\htdocs\proadvanced\job_details.php on line 158 in C:\xampp\htdocs\proadvanced\job_details.php on line 158
[2025-10-26 11:35:22] Error: [Deprecated] htmlspecialchars(): Passing null to parameter #1 ($string) of type string is deprecated in C:\xampp\htdocs\proadvanced\job_details.php on line 158 in C:\xampp\htdocs\proadvanced\job_details.php on line 158
[2025-10-26 11:35:25] Error: [Warning] Undefined array key "benefits" in C:\xampp\htdocs\proadvanced\job_details.php on line 158 in C:\xampp\htdocs\proadvanced\job_details.php on line 158
[2025-10-26 11:35:25] Error: [Deprecated] htmlspecialchars(): Passing null to parameter #1 ($string) of type string is deprecated in C:\xampp\htdocs\proadvanced\job_details.php on line 158 in C:\xampp\htdocs\proadvanced\job_details.php on line 158
[2025-10-26 11:35:27] Error: [Warning] Undefined array key "benefits" in C:\xampp\htdocs\proadvanced\job_details.php on line 158 in C:\xampp\htdocs\proadvanced\job_details.php on line 158
[2025-10-26 11:35:27] Error: [Deprecated] htmlspecialchars(): Passing null to parameter #1 ($string) of type string is deprecated in C:\xampp\htdocs\proadvanced\job_details.php on line 158 in C:\xampp\htdocs\proadvanced\job_details.php on line 158
[2025-10-26 11:35:32] Error: [Warning] Undefined array key "benefits" in C:\xampp\htdocs\proadvanced\job_details.php on line 158 in C:\xampp\htdocs\proadvanced\job_details.php on line 158
[2025-10-26 11:35:32] Error: [Deprecated] htmlspecialchars(): Passing null to parameter #1 ($string) of type string is deprecated in C:\xampp\htdocs\proadvanced\job_details.php on line 158 in C:\xampp\htdocs\proadvanced\job_details.php on line 158
[2025-10-26 11:35:36] Error: [Warning] Undefined array key "benefits" in C:\xampp\htdocs\proadvanced\job_details.php on line 158 in C:\xampp\htdocs\proadvanced\job_details.php on line 158
[2025-10-26 11:35:36] Error: [Deprecated] htmlspecialchars(): Passing null to parameter #1 ($string) of type string is deprecated in C:\xampp\htdocs\proadvanced\job_details.php on line 158 in C:\xampp\htdocs\proadvanced\job_details.php on line 158
[2025-10-26 11:35:40] Error: [Warning] Undefined array key "benefits" in C:\xampp\htdocs\proadvanced\job_details.php on line 158 in C:\xampp\htdocs\proadvanced\job_details.php on line 158
[2025-10-26 11:35:40] Error: [Deprecated] htmlspecialchars(): Passing null to parameter #1 ($string) of type string is deprecated in C:\xampp\htdocs\proadvanced\job_details.php on line 158 in C:\xampp\htdocs\proadvanced\job_details.php on line 158
[2025-10-26 12:52:44] Error: [Warning] Undefined array key "benefits" in C:\xampp\htdocs\proadvanced\job_details.php on line 158 in C:\xampp\htdocs\proadvanced\job_details.php on line 158
[2025-10-26 12:52:44] Error: [Deprecated] htmlspecialchars(): Passing null to parameter #1 ($string) of type string is deprecated in C:\xampp\htdocs\proadvanced\job_details.php on line 158 in C:\xampp\htdocs\proadvanced\job_details.php on line 158
[2025-10-26 12:54:57] Error: [Warning] include_once(includes/footer.php): Failed to open stream: No such file or directory in C:\xampp\htdocs\proadvanced\admin\view_user.php on line 134 in C:\xampp\htdocs\proadvanced\admin\view_user.php on line 134
[2025-10-26 12:54:57] Error: [Warning] include_once(): Failed opening 'includes/footer.php' for inclusion (include_path='C:\xampp\php\PEAR') in C:\xampp\htdocs\proadvanced\admin\view_user.php on line 134 in C:\xampp\htdocs\proadvanced\admin\view_user.php on line 134
[2025-10-26 12:55:13] Error: [Warning] include_once(includes/footer.php): Failed to open stream: No such file or directory in C:\xampp\htdocs\proadvanced\admin\view_user.php on line 134 in C:\xampp\htdocs\proadvanced\admin\view_user.php on line 134
[2025-10-26 12:55:13] Error: [Warning] include_once(): Failed opening 'includes/footer.php' for inclusion (include_path='C:\xampp\php\PEAR') in C:\xampp\htdocs\proadvanced\admin\view_user.php on line 134 in C:\xampp\htdocs\proadvanced\admin\view_user.php on line 134
[2025-10-26 12:55:25] Error: [Warning] include_once(includes/footer.php): Failed to open stream: No such file or directory in C:\xampp\htdocs\proadvanced\admin\view_user.php on line 134 in C:\xampp\htdocs\proadvanced\admin\view_user.php on line 134
[2025-10-26 12:55:25] Error: [Warning] include_once(): Failed opening 'includes/footer.php' for inclusion (include_path='C:\xampp\php\PEAR') in C:\xampp\htdocs\proadvanced\admin\view_user.php on line 134 in C:\xampp\htdocs\proadvanced\admin\view_user.php on line 134
[2025-10-26 12:58:11] Error: [Warning] include_once(includes/footer.php): Failed to open stream: No such file or directory in C:\xampp\htdocs\proadvanced\admin\view_user.php on line 134 in C:\xampp\htdocs\proadvanced\admin\view_user.php on line 134
[2025-10-26 12:58:11] Error: [Warning] include_once(): Failed opening 'includes/footer.php' for inclusion (include_path='C:\xampp\php\PEAR') in C:\xampp\htdocs\proadvanced\admin\view_user.php on line 134 in C:\xampp\htdocs\proadvanced\admin\view_user.php on line 134
[2025-10-26 13:24:41] Error: [Warning] Undefined array key "benefits" in C:\xampp\htdocs\proadvanced\job_details.php on line 158 in C:\xampp\htdocs\proadvanced\job_details.php on line 158
[2025-10-26 13:24:41] Error: [Deprecated] htmlspecialchars(): Passing null to parameter #1 ($string) of type string is deprecated in C:\xampp\htdocs\proadvanced\job_details.php on line 158 in C:\xampp\htdocs\proadvanced\job_details.php on line 158
[2025-10-26 13:24:50] Error: [Warning] Undefined array key "benefits" in C:\xampp\htdocs\proadvanced\job_details.php on line 158 in C:\xampp\htdocs\proadvanced\job_details.php on line 158
[2025-10-26 13:24:50] Error: [Deprecated] htmlspecialchars(): Passing null to parameter #1 ($string) of type string is deprecated in C:\xampp\htdocs\proadvanced\job_details.php on line 158 in C:\xampp\htdocs\proadvanced\job_details.php on line 158
[2025-10-26 13:29:51] Error: [Warning] Undefined array key "benefits" in C:\xampp\htdocs\proadvanced\job_details.php on line 158 in C:\xampp\htdocs\proadvanced\job_details.php on line 158
[2025-10-26 13:29:51] Error: [Deprecated] htmlspecialchars(): Passing null to parameter #1 ($string) of type string is deprecated in C:\xampp\htdocs\proadvanced\job_details.php on line 158 in C:\xampp\htdocs\proadvanced\job_details.php on line 158
[2025-10-26 13:29:57] Error: [Warning] Undefined array key "benefits" in C:\xampp\htdocs\proadvanced\job_details.php on line 158 in C:\xampp\htdocs\proadvanced\job_details.php on line 158
[2025-10-26 13:29:57] Error: [Deprecated] htmlspecialchars(): Passing null to parameter #1 ($string) of type string is deprecated in C:\xampp\htdocs\proadvanced\job_details.php on line 158 in C:\xampp\htdocs\proadvanced\job_details.php on line 158
[2025-10-26 13:30:12] Error: [Warning] Undefined array key "benefits" in C:\xampp\htdocs\proadvanced\job_details.php on line 158 in C:\xampp\htdocs\proadvanced\job_details.php on line 158
[2025-10-26 13:30:12] Error: [Deprecated] htmlspecialchars(): Passing null to parameter #1 ($string) of type string is deprecated in C:\xampp\htdocs\proadvanced\job_details.php on line 158 in C:\xampp\htdocs\proadvanced\job_details.php on line 158
[2025-10-26 13:33:07] Error: [Warning] Undefined array key "benefits" in C:\xampp\htdocs\proadvanced\job_details.php on line 158 in C:\xampp\htdocs\proadvanced\job_details.php on line 158
[2025-10-26 13:33:07] Error: [Deprecated] htmlspecialchars(): Passing null to parameter #1 ($string) of type string is deprecated in C:\xampp\htdocs\proadvanced\job_details.php on line 158 in C:\xampp\htdocs\proadvanced\job_details.php on line 158
[2025-10-26 13:35:01] Error: [Warning] Undefined array key "benefits" in C:\xampp\htdocs\proadvanced\job_details.php on line 158 in C:\xampp\htdocs\proadvanced\job_details.php on line 158
[2025-10-26 13:35:01] Error: [Deprecated] htmlspecialchars(): Passing null to parameter #1 ($string) of type string is deprecated in C:\xampp\htdocs\proadvanced\job_details.php on line 158 in C:\xampp\htdocs\proadvanced\job_details.php on line 158
[2025-10-26 14:06:28] Error: [Deprecated] htmlspecialchars(): Passing null to parameter #1 ($string) of type string is deprecated in C:\xampp\htdocs\proadvanced\company\profile.php on line 176 in C:\xampp\htdocs\proadvanced\company\profile.php on line 176
[2025-10-26 17:14:41] Error: [Warning] Undefined array key "benefits" in C:\xampp\htdocs\proadvanced\job_details.php on line 158 in C:\xampp\htdocs\proadvanced\job_details.php on line 158
[2025-10-26 17:14:41] Error: [Deprecated] htmlspecialchars(): Passing null to parameter #1 ($string) of type string is deprecated in C:\xampp\htdocs\proadvanced\job_details.php on line 158 in C:\xampp\htdocs\proadvanced\job_details.php on line 158
[2025-10-27 05:05:00] Error: [Warning] Undefined array key "benefits" in C:\xampp\htdocs\proadvanced\job_details.php on line 158 in C:\xampp\htdocs\proadvanced\job_details.php on line 158
[2025-10-27 05:05:00] Error: [Deprecated] htmlspecialchars(): Passing null to parameter #1 ($string) of type string is deprecated in C:\xampp\htdocs\proadvanced\job_details.php on line 158 in C:\xampp\htdocs\proadvanced\job_details.php on line 158
[2025-10-27 05:57:51] Error: [Warning] Undefined array key "benefits" in C:\xampp\htdocs\proadvanced\job_details.php on line 158 in C:\xampp\htdocs\proadvanced\job_details.php on line 158
[2025-10-27 05:57:51] Error: [Deprecated] htmlspecialchars(): Passing null to parameter #1 ($string) of type string is deprecated in C:\xampp\htdocs\proadvanced\job_details.php on line 158 in C:\xampp\htdocs\proadvanced\job_details.php on line 158
